<?xml version="1.0" encoding="UTF-8"?>
<!-- Generated by org.testng.reporters.JUnitXMLReporter -->
<testsuite hostname="DESKTOP-69OQC4Q" ignored="0" name="Default test" tests="7" failures="0" timestamp="2022-02-25T07:58:55 IST" time="0.844" errors="0">
  <testcase name="m2" time="0.052" classname="com.aspire.framework.testNG.Grouping"/>
  <testcase name="m3" time="0.032" classname="com.aspire.framework.testNG.Grouping"/>
  <testcase name="m4" time="0.026" classname="com.aspire.framework.testNG.Grouping"/>
  <testcase name="m5" time="0.039" classname="com.aspire.framework.testNG.Grouping"/>
  <testcase name="m6" time="0.025" classname="com.aspire.framework.testNG.Grouping"/>
  <testcase name="m7" time="0.019" classname="com.aspire.framework.testNG.Grouping"/>
  <testcase name="m8" time="0.02" classname="com.aspire.framework.testNG.Grouping"/>
</testsuite> <!-- Default test -->
