<?xml version="1.0" encoding="UTF-8"?>
<!-- Generated by org.testng.reporters.JUnitXMLReporter -->
<testsuite hostname="DESKTOP-69OQC4Q" ignored="0" name="Testng" tests="7" failures="0" timestamp="2022-02-25T07:59:35 IST" time="0.432" errors="0">
  <testcase name="m2" time="0.039" classname="com.aspire.framework.testNG.Grouping"/>
  <testcase name="m3" time="0.007" classname="com.aspire.framework.testNG.Grouping"/>
  <testcase name="m4" time="0.017" classname="com.aspire.framework.testNG.Grouping"/>
  <testcase name="m5" time="0.029" classname="com.aspire.framework.testNG.Grouping"/>
  <testcase name="m6" time="0.008" classname="com.aspire.framework.testNG.Grouping"/>
  <testcase name="m7" time="0.003" classname="com.aspire.framework.testNG.Grouping"/>
  <testcase name="m8" time="0.004" classname="com.aspire.framework.testNG.Grouping"/>
</testsuite> <!-- Testng -->
