<?xml version="1.0" encoding="UTF-8"?>
<!-- Generated by org.testng.reporters.JUnitXMLReporter -->
<testsuite hostname="DESKTOP-69OQC4Q" ignored="0" name="Test" tests="6" failures="0" timestamp="2022-02-22T21:12:18 IST" time="0.325" errors="0">
  <testcase name="EnterPassword" time="0.019" classname="com.aspire.framework.testNG.Annotation1"/>
  <testcase name="Loginbtn" time="0.007" classname="com.aspire.framework.testNG.Annotation1"/>
  <testcase name="verifyUser" time="0.005" classname="com.aspire.framework.testNG.Annotation1"/>
  <testcase name="m1" time="0.002" classname="com.aspire.framework.testNG.Annotations2"/>
  <testcase name="m2" time="0.026" classname="com.aspire.framework.testNG.Annotations2"/>
  <testcase name="m2" time="0.009" classname="com.aspire.framework.testNG.Annotations2"/>
</testsuite> <!-- Test -->
