<?xml version="1.0" encoding="UTF-8"?>
<testng-results skipped="0" failed="0" ignored="0" total="2" passed="2">
  <reporter-output>
  </reporter-output>
  <suite name="Default suite" duration-ms="104056" started-at="2022-03-04T07:46:34 IST" finished-at="2022-03-04T07:48:18 IST">
    <groups>
    </groups>
    <test name="Default test" duration-ms="104056" started-at="2022-03-04T07:46:34 IST" finished-at="2022-03-04T07:48:18 IST">
      <class name="com.aspire.framework.pomPagefactoryDatadrivenTestNGBaseUtility.LoginTestClass">
        <test-method status="PASS" signature="browserlaunch()[pri:0, instance:com.aspire.framework.pomPagefactoryDatadrivenTestNGBaseUtility.LoginTestClass@371a67ec]" name="browserlaunch" is-config="true" duration-ms="84534" started-at="2022-03-04T07:46:34 IST" finished-at="2022-03-04T07:47:59 IST">
          <reporter-output>
          </reporter-output>
        </test-method> <!-- browserlaunch -->
        <test-method status="PASS" signature="loginToApp()[pri:0, instance:com.aspire.framework.pomPagefactoryDatadrivenTestNGBaseUtility.LoginTestClass@371a67ec]" name="loginToApp" is-config="true" duration-ms="8840" started-at="2022-03-04T07:47:59 IST" finished-at="2022-03-04T07:48:08 IST">
          <reporter-output>
          </reporter-output>
        </test-method> <!-- loginToApp -->
        <test-method status="PASS" signature="verificationOfInitials()[pri:0, instance:com.aspire.framework.pomPagefactoryDatadrivenTestNGBaseUtility.LoginTestClass@371a67ec]" name="verificationOfInitials" duration-ms="9599" started-at="2022-03-04T07:48:08 IST" finished-at="2022-03-04T07:48:18 IST">
          <reporter-output>
          </reporter-output>
        </test-method> <!-- verificationOfInitials -->
        <test-method status="PASS" signature="verificationOfLogo()[pri:0, instance:com.aspire.framework.pomPagefactoryDatadrivenTestNGBaseUtility.LoginTestClass@371a67ec]" name="verificationOfLogo" duration-ms="314" started-at="2022-03-04T07:48:18 IST" finished-at="2022-03-04T07:48:18 IST">
          <reporter-output>
          </reporter-output>
        </test-method> <!-- verificationOfLogo -->
        <test-method status="PASS" signature="closeBrowser()[pri:0, instance:com.aspire.framework.pomPagefactoryDatadrivenTestNGBaseUtility.LoginTestClass@371a67ec]" name="closeBrowser" is-config="true" duration-ms="476" started-at="2022-03-04T07:48:18 IST" finished-at="2022-03-04T07:48:18 IST">
          <reporter-output>
          </reporter-output>
        </test-method> <!-- closeBrowser -->
      </class> <!-- com.aspire.framework.pomPagefactoryDatadrivenTestNGBaseUtility.LoginTestClass -->
    </test> <!-- Default test -->
  </suite> <!-- Default suite -->
</testng-results>
